# JRE version: Java(TM) SE Runtime Environment (17.0.9+11) (build 17.0.9+11-LTS-201)
# Java VM: Java HotSpot(TM) 64-Bit Server VM (17.0.9+11-LTS-201, mixed mode, sharing, tiered, compressed oops, compressed class ptrs, g1 gc, windows-amd64)
GC Precious Log:
 CPUs: 4 total, 4 available
 Memory: 8075M
 Large Page Support: Disabled
 NUMA Support: Disabled
 Compressed Oops: Enabled (32-bit)
 Heap Region Size: 1M
 Heap Min Capacity: 8M
 Heap Initial Capacity: 128M
 Heap Max Capacity: 2020M
 Pre-touch: Disabled
 Parallel Workers: 4
 Concurrent Workers: 1
 Concurrent Refinement Workers: 4
 Periodic GC: Disabled
Heap:
 garbage-first heap   total 75776K, used 37668K [0x0000000081c00000, 0x0000000100000000)
  region size 1024K, 9 young (9216K), 3 survivors (3072K)
 Metaspace       used 66157K, committed 66752K, reserved 1114112K
  class space    used 9277K, committed 9600K, reserved 1048576K
GC Heap History (20 events):
Event: 15.237 GC heap before
{Heap before GC invocations=16 (full 0):
 garbage-first heap   total 51200K, used 40467K [0x0000000081c00000, 0x0000000100000000)
  region size 1024K, 19 young (19456K), 2 survivors (2048K)
 Metaspace       used 55329K, committed 55808K, reserved 1114112K
  class space    used 7572K, committed 7808K, reserved 1048576K
}
Event: 15.242 GC heap after
{Heap after GC invocations=17 (full 0):
 garbage-first heap   total 51200K, used 24744K [0x0000000081c00000, 0x0000000100000000)
  region size 1024K, 3 young (3072K), 3 survivors (3072K)
 Metaspace       used 55329K, committed 55808K, reserved 1114112K
  class space    used 7572K, committed 7808K, reserved 1048576K
}
Event: 16.066 GC heap before
{Heap before GC invocations=17 (full 0):
 garbage-first heap   total 51200K, used 42152K [0x0000000081c00000, 0x0000000100000000)
  region size 1024K, 20 young (20480K), 3 survivors (3072K)
 Metaspace       used 57949K, committed 58432K, reserved 1114112K
  class space    used 7890K, committed 8128K, reserved 1048576K
}
Event: 16.076 GC heap after
{Heap after GC invocations=18 (full 0):
 garbage-first heap   total 51200K, used 26349K [0x0000000081c00000, 0x0000000100000000)
  region size 1024K, 3 young (3072K), 3 survivors (3072K)
 Metaspace       used 57949K, committed 58432K, reserved 1114112K
  class space    used 7890K, committed 8128K, reserved 1048576K
}
Event: 16.917 GC heap before
{Heap before GC invocations=18 (full 0):
 garbage-first heap   total 51200K, used 38637K [0x0000000081c00000, 0x0000000100000000)
  region size 1024K, 16 young (16384K), 3 survivors (3072K)
 Metaspace       used 59827K, committed 60288K, reserved 1114112K
  class space    used 8173K, committed 8384K, reserved 1048576K
}
Event: 16.924 GC heap after
{Heap after GC invocations=19 (full 0):
 garbage-first heap   total 51200K, used 27343K [0x0000000081c00000, 0x0000000100000000)
  region size 1024K, 1 young (1024K), 1 survivors (1024K)
 Metaspace       used 59827K, committed 60288K, reserved 1114112K
  class space    used 8173K, committed 8384K, reserved 1048576K
}
Event: 17.277 GC heap before
{Heap before GC invocations=20 (full 0):
 garbage-first heap   total 51200K, used 41679K [0x0000000081c00000, 0x0000000100000000)
  region size 1024K, 15 young (15360K), 1 survivors (1024K)
 Metaspace       used 60735K, committed 61248K, reserved 1114112K
  class space    used 8382K, committed 8640K, reserved 1048576K
}
Event: 17.283 GC heap after
{Heap after GC invocations=21 (full 0):
 garbage-first heap   total 51200K, used 27882K [0x0000000081c00000, 0x0000000100000000)
  region size 1024K, 2 young (2048K), 2 survivors (2048K)
 Metaspace       used 60735K, committed 61248K, reserved 1114112K
  class space    used 8382K, committed 8640K, reserved 1048576K
}
Event: 17.666 GC heap before
{Heap before GC invocations=22 (full 0):
 garbage-first heap   total 51200K, used 42218K [0x0000000081c00000, 0x0000000100000000)
  region size 1024K, 16 young (16384K), 2 survivors (2048K)
 Metaspace       used 61703K, committed 62208K, reserved 1114112K
  class space    used 8676K, committed 8896K, reserved 1048576K
}
Event: 17.673 GC heap after
{Heap after GC invocations=23 (full 0):
 garbage-first heap   total 51200K, used 29475K [0x0000000081c00000, 0x0000000100000000)
  region size 1024K, 2 young (2048K), 2 survivors (2048K)
 Metaspace       used 61703K, committed 62208K, reserved 1114112K
  class space    used 8676K, committed 8896K, reserved 1048576K
}
Event: 17.951 GC heap before
{Heap before GC invocations=23 (full 0):
 garbage-first heap   total 51200K, used 40739K [0x0000000081c00000, 0x0000000100000000)
  region size 1024K, 14 young (14336K), 2 survivors (2048K)
 Metaspace       used 63028K, committed 63552K, reserved 1114112K
  class space    used 8853K, committed 9088K, reserved 1048576K
}
Event: 17.956 GC heap after
{Heap after GC invocations=24 (full 0):
 garbage-first heap   total 51200K, used 29935K [0x0000000081c00000, 0x0000000100000000)
  region size 1024K, 1 young (1024K), 1 survivors (1024K)
 Metaspace       used 63028K, committed 63552K, reserved 1114112K
  class space    used 8853K, committed 9088K, reserved 1048576K
}
Event: 18.271 GC heap before
{Heap before GC invocations=25 (full 0):
 garbage-first heap   total 60416K, used 42223K [0x0000000081c00000, 0x0000000100000000)
  region size 1024K, 13 young (13312K), 1 survivors (1024K)
 Metaspace       used 63379K, committed 63872K, reserved 1114112K
  class space    used 8915K, committed 9152K, reserved 1048576K
}
Event: 18.277 GC heap after
{Heap after GC invocations=26 (full 0):
 garbage-first heap   total 60416K, used 30296K [0x0000000081c00000, 0x0000000100000000)
  region size 1024K, 1 young (1024K), 1 survivors (1024K)
 Metaspace       used 63379K, committed 63872K, reserved 1114112K
  class space    used 8915K, committed 9152K, reserved 1048576K
}
Event: 18.523 GC heap before
{Heap before GC invocations=26 (full 0):
 garbage-first heap   total 60416K, used 49752K [0x0000000081c00000, 0x0000000100000000)
  region size 1024K, 20 young (20480K), 1 survivors (1024K)
 Metaspace       used 63527K, committed 64064K, reserved 1114112K
  class space    used 8929K, committed 9152K, reserved 1048576K
}
Event: 18.526 GC heap after
{Heap after GC invocations=27 (full 0):
 garbage-first heap   total 60416K, used 30689K [0x0000000081c00000, 0x0000000100000000)
  region size 1024K, 2 young (2048K), 2 survivors (2048K)
 Metaspace       used 63527K, committed 64064K, reserved 1114112K
  class space    used 8929K, committed 9152K, reserved 1048576K
}
Event: 18.825 GC heap before
{Heap before GC invocations=28 (full 0):
 garbage-first heap   total 60416K, used 49121K [0x0000000081c00000, 0x0000000100000000)
  region size 1024K, 20 young (20480K), 2 survivors (2048K)
 Metaspace       used 63689K, committed 64256K, reserved 1114112K
  class space    used 8942K, committed 9216K, reserved 1048576K
}
Event: 18.831 GC heap after
{Heap after GC invocations=29 (full 0):
 garbage-first heap   total 60416K, used 31092K [0x0000000081c00000, 0x0000000100000000)
  region size 1024K, 2 young (2048K), 2 survivors (2048K)
 Metaspace       used 63689K, committed 64256K, reserved 1114112K
  class space    used 8942K, committed 9216K, reserved 1048576K
}
Event: 19.428 GC heap before
{Heap before GC invocations=29 (full 0):
 garbage-first heap   total 60416K, used 50548K [0x0000000081c00000, 0x0000000100000000)
  region size 1024K, 21 young (21504K), 2 survivors (2048K)
 Metaspace       used 65489K, committed 66048K, reserved 1114112K
  class space    used 9176K, committed 9472K, reserved 1048576K
}
Event: 19.435 GC heap after
{Heap after GC invocations=30 (full 0):
 garbage-first heap   total 75776K, used 32548K [0x0000000081c00000, 0x0000000100000000)
  region size 1024K, 3 young (3072K), 3 survivors (3072K)
 Metaspace       used 65489K, committed 66048K, reserved 1114112K
  class space    used 9176K, committed 9472K, reserved 1048576K
}

